<?xml version="1.0" encoding="UTF-8"?>
<testsuite name="dslab.naming.NameserverTest" tests="4" skipped="0" failures="0" errors="0" timestamp="2022-01-07T18:39:46" hostname="taschenrechner" time="38.469">
  <properties/>
  <testcase name="ns01_startAndShutdownRootNameserver_createsAndUnexportsRegistryCorrectly" classname="dslab.naming.NameserverTest" time="6.183"/>
  <testcase name="ns02_startRootNameserver_registersRemoteObjectCorrectly" classname="dslab.naming.NameserverTest" time="6.083"/>
  <testcase name="ns03_startingZoneNameserver_registersNameserverCorrectly" classname="dslab.naming.NameserverTest" time="13.118"/>
  <testcase name="ns04_registerAndLookupMailboxServer_registersAndReturnsAddressCorrectly" classname="dslab.naming.NameserverTest" time="13.082"/>
  <system-out><![CDATA[]]></system-out>
  <system-err><![CDATA[Jan 07, 2022 7:39:46 PM dslab.naming.NameserverTest ns01_startAndShutdownRootNameserver_createsAndUnexportsRegistryCorrectly
INFO: Starting ns-root thread
Jan 07, 2022 7:39:49 PM dslab.naming.NameserverTest sendShutdown
INFO: Sending shutdown to component component
Jan 07, 2022 7:39:52 PM dslab.naming.NameserverTest ns02_startRootNameserver_registersRemoteObjectCorrectly
INFO: Starting ns-root thread
Jan 07, 2022 7:39:55 PM dslab.naming.NameserverTest ns02_startRootNameserver_registersRemoteObjectCorrectly
INFO: Looking up root-nameserver in registry
Jan 07, 2022 7:39:55 PM dslab.naming.NameserverTest sendShutdown
INFO: Sending shutdown to component component
Jan 07, 2022 7:39:58 PM dslab.naming.NameserverTest ns03_startingZoneNameserver_registersNameserverCorrectly
INFO: Starting ns-root thread
Jan 07, 2022 7:40:01 PM dslab.naming.NameserverTest ns03_startingZoneNameserver_registersNameserverCorrectly
INFO: Starting ns-planet thread
Jan 07, 2022 7:40:04 PM dslab.naming.NameserverTest ns03_startingZoneNameserver_registersNameserverCorrectly
INFO: Looking up root-nameserver in registry
Jan 07, 2022 7:40:04 PM dslab.naming.NameserverTest ns03_startingZoneNameserver_registersNameserverCorrectly
INFO: Getting nameserver 'planet' from server remote
Jan 07, 2022 7:40:04 PM dslab.naming.NameserverTest ns03_startingZoneNameserver_registersNameserverCorrectly
INFO: Sending 'nameservers' command
Jan 07, 2022 7:40:05 PM dslab.naming.NameserverTest ns03_startingZoneNameserver_registersNameserverCorrectly
INFO: Got output: ns-root> planet
Jan 07, 2022 7:40:05 PM dslab.naming.NameserverTest sendShutdown
INFO: Sending shutdown to component component
java.rmi.NoSuchObjectException: object not exported
	at java.rmi/sun.rmi.transport.ObjectTable.unexportObject(ObjectTable.java:151)
	at java.rmi/java.rmi.server.UnicastRemoteObject.unexportObject(UnicastRemoteObject.java:457)
	at dslab.nameserver.Nameserver.shutdown(Nameserver.java:166)
	at java.base/jdk.internal.reflect.NativeMethodAccessorImpl.invoke0(Native Method)
	at java.base/jdk.internal.reflect.NativeMethodAccessorImpl.invoke(NativeMethodAccessorImpl.java:62)
	at java.base/jdk.internal.reflect.DelegatingMethodAccessorImpl.invoke(DelegatingMethodAccessorImpl.java:43)
	at java.base/java.lang.reflect.Method.invoke(Method.java:567)
	at at.ac.tuwien.dsg.orvell.reflection.CommandMethodAdapter.execute(CommandMethodAdapter.java:36)
	at at.ac.tuwien.dsg.orvell.Shell.run(Shell.java:237)
	at dslab.nameserver.Nameserver.run(Nameserver.java:80)
	at java.base/java.lang.Thread.run(Thread.java:830)
Jan 07, 2022 7:40:08 PM dslab.naming.NameserverTest sendShutdown
INFO: Sending shutdown to component component
Jan 07, 2022 7:40:11 PM dslab.naming.NameserverTest ns04_registerAndLookupMailboxServer_registersAndReturnsAddressCorrectly
INFO: Starting ns-root thread
Jan 07, 2022 7:40:14 PM dslab.naming.NameserverTest ns04_registerAndLookupMailboxServer_registersAndReturnsAddressCorrectly
INFO: Starting ns-planet thread
Jan 07, 2022 7:40:17 PM dslab.naming.NameserverTest ns04_registerAndLookupMailboxServer_registersAndReturnsAddressCorrectly
INFO: Looking up root-nameserver in registry
Jan 07, 2022 7:40:17 PM dslab.naming.NameserverTest ns04_registerAndLookupMailboxServer_registersAndReturnsAddressCorrectly
INFO: Registering mailbox server for @mars.planet mail domain
Jan 07, 2022 7:40:18 PM dslab.naming.NameserverTest ns04_registerAndLookupMailboxServer_registersAndReturnsAddressCorrectly
INFO: Looking up 'mars' at nameserver planet
Jan 07, 2022 7:40:18 PM dslab.naming.NameserverTest sendShutdown
INFO: Sending shutdown to component component
java.rmi.NoSuchObjectException: object not exported
	at java.rmi/sun.rmi.transport.ObjectTable.unexportObject(ObjectTable.java:151)
	at java.rmi/java.rmi.server.UnicastRemoteObject.unexportObject(UnicastRemoteObject.java:457)
	at dslab.nameserver.Nameserver.shutdown(Nameserver.java:166)
	at java.base/jdk.internal.reflect.NativeMethodAccessorImpl.invoke0(Native Method)
	at java.base/jdk.internal.reflect.NativeMethodAccessorImpl.invoke(NativeMethodAccessorImpl.java:62)
	at java.base/jdk.internal.reflect.DelegatingMethodAccessorImpl.invoke(DelegatingMethodAccessorImpl.java:43)
	at java.base/java.lang.reflect.Method.invoke(Method.java:567)
	at at.ac.tuwien.dsg.orvell.reflection.CommandMethodAdapter.execute(CommandMethodAdapter.java:36)
	at at.ac.tuwien.dsg.orvell.Shell.run(Shell.java:237)
	at dslab.nameserver.Nameserver.run(Nameserver.java:80)
	at java.base/java.lang.Thread.run(Thread.java:830)
Jan 07, 2022 7:40:21 PM dslab.naming.NameserverTest sendShutdown
INFO: Sending shutdown to component component
]]></system-err>
</testsuite>
